<?xml version="1.0" encoding="UTF-8"?>
<!-- Generated by org.testng.reporters.JUnitReportReporter -->
<testsuite name="Testng1" tests="2" time="0.053" ignored="0" failures="0" timestamp="09 May 2019 09:18:41 GMT" skipped="0" hostname="QAP18-PC" errors="0">
  <testcase name="Method2" time="0.050" classname="Testng1"/>
  <testcase name="Mehod1" time="0.003" classname="Testng1"/>
</testsuite> <!-- Testng1 -->
