<?xml version="1.0" encoding="UTF-8"?>
<!-- Generated by org.testng.reporters.JUnitReportReporter -->
<testsuite name="testNG.classEXEC" tests="1" time="8.422" ignored="0" failures="0" timestamp="06 May 2019 07:17:59 GMT" skipped="0" hostname="QAP18-PC" errors="0">
  <testcase name="login" time="8.422" classname="testNG.classEXEC"/>
</testsuite> <!-- testNG.classEXEC -->
