<?xml version="1.0" encoding="UTF-8"?>
<!-- Generated by org.testng.reporters.JUnitReportReporter -->
<testsuite name="testNG.TestCasesWithTestNG" tests="3" time="62.589" ignored="0" failures="0" timestamp="13 May 2019 10:09:19 GMT" skipped="0" hostname="QAP18-PC" errors="0">
  <testcase name="delete" time="9.623" classname="testNG.TestCasesWithTestNG"/>
  <testcase name="editEmployee" time="32.783" classname="testNG.TestCasesWithTestNG"/>
  <testcase name="addEmployee" time="20.183" classname="testNG.TestCasesWithTestNG"/>
</testsuite> <!-- testNG.TestCasesWithTestNG -->
