<?xml version="1.0" encoding="UTF-8"?>
<!-- Generated by org.testng.reporters.JUnitReportReporter -->
<testsuite name="ProgramTest" tests="2" time="0.020" ignored="0" failures="0" timestamp="09 May 2019 10:04:50 GMT" skipped="0" hostname="QAP18-PC" errors="0">
  <testcase name="method" time="0.007" classname="ProgramTest"/>
  <testcase name="method1" time="0.013" classname="ProgramTest"/>
</testsuite> <!-- ProgramTest -->
