<?xml version="1.0" encoding="UTF-8"?>
<!-- Generated by org.testng.reporters.JUnitReportReporter -->
<testsuite skipped="0" hostname="QAP18-PC" name="testNG.Example1" tests="1" failures="0" timestamp="03 May 2019 07:38:09 GMT" time="0.007" errors="0">
  <testcase name="Method" time="0.007" classname="testNG.Example1"/>
</testsuite> <!-- testNG.Example1 -->
