<?xml version="1.0" encoding="UTF-8"?>
<!-- Generated by org.testng.reporters.JUnitReportReporter -->
<testsuite name="testNG.Example1" tests="1" time="0.016" ignored="0" failures="0" timestamp="13 May 2019 08:42:15 GMT" skipped="0" hostname="QAP18-PC" errors="0">
  <testcase name="Method" time="0.016" classname="testNG.Example1"/>
</testsuite> <!-- testNG.Example1 -->
