<?xml version="1.0" encoding="UTF-8"?>
<!-- Generated by org.testng.reporters.JUnitReportReporter -->
<testsuite skipped="0" hostname="QAP18-PC" name="testNGWithParameter.TestNGDataEx" tests="1" failures="0" timestamp="03 May 2019 07:42:55 GMT" time="0.014" errors="0">
  <testcase name="ParameterTest" time="0.014" classname="testNGWithParameter.TestNGDataEx"/>
</testsuite> <!-- testNGWithParameter.TestNGDataEx -->
